<?xml version="1.0" encoding="UTF-8"?>
<coverage generated="1784999395600" clover="3.2.0">
  <project timestamp="1784999395601" name="All files">
    <metrics statements="249" coveredstatements="219" conditionals="224" coveredconditionals="183" methods="16" coveredmethods="16" elements="489" coveredelements="418" complexity="0" loc="249" ncloc="249" packages="7" files="9" classes="9"/>
    <package name="backend.config">
      <metrics statements="5" coveredstatements="5" conditionals="0" coveredconditionals="0" methods="0" coveredmethods="0"/>
      <file name="constants.js" path="C:\Users\Anwesha Gartia\OneDrive\Desktop\Base\DH Full Stack\Task A\backend\config\constants.js">
        <metrics statements="5" coveredstatements="5" conditionals="0" coveredconditionals="0" methods="0" coveredmethods="0"/>
        <line num="2" count="4" type="stmt"/>
        <line num="4" count="4" type="stmt"/>
        <line num="5" count="4" type="stmt"/>
        <line num="7" count="4" type="stmt"/>
        <line num="21" count="4" type="stmt"/>
      </file>
    </package>
    <package name="backend.controllers">
      <metrics statements="7" coveredstatements="7" conditionals="0" coveredconditionals="0" methods="1" coveredmethods="1"/>
      <file name="analyzerController.js" path="C:\Users\Anwesha Gartia\OneDrive\Desktop\Base\DH Full Stack\Task A\backend\controllers\analyzerController.js">
        <metrics statements="7" coveredstatements="7" conditionals="0" coveredconditionals="0" methods="1" coveredmethods="1"/>
        <line num="4" count="1" type="stmt"/>
        <line num="5" count="2" type="stmt"/>
        <line num="6" count="2" type="stmt"/>
        <line num="9" count="2" type="stmt"/>
        <line num="12" count="1" type="stmt"/>
        <line num="15" count="1" type="stmt"/>
        <line num="22" count="1" type="stmt"/>
      </file>
    </package>
    <package name="backend.middleware">
      <metrics statements="14" coveredstatements="14" conditionals="26" coveredconditionals="16" methods="2" coveredmethods="2"/>
      <file name="errorHandler.js" path="C:\Users\Anwesha Gartia\OneDrive\Desktop\Base\DH Full Stack\Task A\backend\middleware\errorHandler.js">
        <metrics statements="5" coveredstatements="5" conditionals="17" coveredconditionals="9" methods="1" coveredmethods="1"/>
        <line num="1" count="1" type="stmt"/>
        <line num="2" count="1" type="cond" truecount="1" falsecount="1"/>
        <line num="4" count="1" type="cond" truecount="1" falsecount="2"/>
        <line num="5" count="1" type="cond" truecount="3" falsecount="1"/>
        <line num="7" count="1" type="stmt"/>
      </file>
      <file name="validateUrl.js" path="C:\Users\Anwesha Gartia\OneDrive\Desktop\Base\DH Full Stack\Task A\backend\middleware\validateUrl.js">
        <metrics statements="9" coveredstatements="9" conditionals="9" coveredconditionals="7" methods="1" coveredmethods="1"/>
        <line num="3" count="1" type="stmt"/>
        <line num="4" count="4" type="stmt"/>
        <line num="5" count="4" type="cond" truecount="1" falsecount="1"/>
        <line num="7" count="4" type="cond" truecount="5" falsecount="0"/>
        <line num="8" count="1" type="stmt"/>
        <line num="15" count="3" type="stmt"/>
        <line num="16" count="2" type="stmt"/>
        <line num="17" count="2" type="stmt"/>
        <line num="19" count="1" type="stmt"/>
      </file>
    </package>
    <package name="backend.routes">
      <metrics statements="2" coveredstatements="2" conditionals="0" coveredconditionals="0" methods="0" coveredmethods="0"/>
      <file name="analyzerRoutes.js" path="C:\Users\Anwesha Gartia\OneDrive\Desktop\Base\DH Full Stack\Task A\backend\routes\analyzerRoutes.js">
        <metrics statements="2" coveredstatements="2" conditionals="0" coveredconditionals="0" methods="0" coveredmethods="0"/>
        <line num="5" count="1" type="stmt"/>
        <line num="8" count="1" type="stmt"/>
      </file>
    </package>
    <package name="backend.services">
      <metrics statements="186" coveredstatements="159" conditionals="173" coveredconditionals="144" methods="10" coveredmethods="10"/>
      <file name="scraperService.js" path="C:\Users\Anwesha Gartia\OneDrive\Desktop\Base\DH Full Stack\Task A\backend\services\scraperService.js">
        <metrics statements="53" coveredstatements="30" conditionals="38" coveredconditionals="15" methods="5" coveredmethods="5"/>
        <line num="7" count="1" type="stmt"/>
        <line num="8" count="2" type="stmt"/>
        <line num="10" count="2" type="stmt"/>
        <line num="12" count="2" type="stmt"/>
        <line num="21" count="1" type="stmt"/>
        <line num="24" count="1" type="stmt"/>
        <line num="26" count="1" type="cond" truecount="1" falsecount="1"/>
        <line num="29" count="1" type="cond" truecount="2" falsecount="2"/>
        <line num="30" count="0" type="stmt"/>
        <line num="31" count="0" type="stmt"/>
        <line num="32" count="0" type="stmt"/>
        <line num="33" count="0" type="stmt"/>
        <line num="36" count="1" type="cond" truecount="1" falsecount="1"/>
        <line num="37" count="1" type="cond" truecount="1" falsecount="1"/>
        <line num="40" count="1" type="stmt"/>
        <line num="41" count="1" type="stmt"/>
        <line num="43" count="1" type="stmt"/>
        <line num="48" count="1" type="stmt"/>
        <line num="59" count="1" type="stmt"/>
        <line num="60" count="1" type="stmt"/>
        <line num="62" count="1" type="cond" truecount="3" falsecount="1"/>
        <line num="63" count="0" type="stmt"/>
        <line num="64" count="0" type="stmt"/>
        <line num="65" count="0" type="stmt"/>
        <line num="66" count="0" type="stmt"/>
        <line num="67" count="0" type="stmt"/>
        <line num="70" count="1" type="cond" truecount="2" falsecount="2"/>
        <line num="71" count="1" type="stmt"/>
        <line num="72" count="1" type="stmt"/>
        <line num="73" count="1" type="stmt"/>
        <line num="74" count="1" type="stmt"/>
        <line num="75" count="1" type="stmt"/>
        <line num="78" count="0" type="cond" truecount="0" falsecount="2"/>
        <line num="79" count="0" type="stmt"/>
        <line num="80" count="0" type="stmt"/>
        <line num="81" count="0" type="stmt"/>
        <line num="82" count="0" type="stmt"/>
        <line num="85" count="0" type="cond" truecount="0" falsecount="2"/>
        <line num="86" count="0" type="stmt"/>
        <line num="90" count="0" type="cond" truecount="0" falsecount="2"/>
        <line num="91" count="0" type="cond" truecount="0" falsecount="2"/>
        <line num="92" count="0" type="stmt"/>
        <line num="93" count="0" type="stmt"/>
        <line num="94" count="0" type="stmt"/>
        <line num="102" count="2" type="stmt"/>
        <line num="103" count="2" type="stmt"/>
        <line num="106" count="2" type="cond" truecount="2" falsecount="0"/>
        <line num="108" count="0" type="cond" truecount="0" falsecount="2"/>
        <line num="111" count="2" type="stmt"/>
        <line num="112" count="2" type="stmt"/>
        <line num="116" count="2" type="cond" truecount="2" falsecount="0"/>
        <line num="118" count="0" type="cond" truecount="0" falsecount="2"/>
        <line num="120" count="2" type="stmt"/>
      </file>
      <file name="seoAnalyzerService.js" path="C:\Users\Anwesha Gartia\OneDrive\Desktop\Base\DH Full Stack\Task A\backend\services\seoAnalyzerService.js">
        <metrics statements="133" coveredstatements="129" conditionals="135" coveredconditionals="129" methods="5" coveredmethods="5"/>
        <line num="8" count="3" type="stmt"/>
        <line num="17" count="26" type="stmt"/>
        <line num="19" count="26" type="stmt"/>
        <line num="22" count="26" type="stmt"/>
        <line num="23" count="26" type="cond" truecount="3" falsecount="0"/>
        <line num="25" count="26" type="cond" truecount="3" falsecount="0"/>
        <line num="30" count="26" type="cond" truecount="2" falsecount="0"/>
        <line num="32" count="26" type="cond" truecount="3" falsecount="0"/>
        <line num="36" count="26" type="cond" truecount="2" falsecount="0"/>
        <line num="38" count="26" type="cond" truecount="2" falsecount="0"/>
        <line num="39" count="26" type="cond" truecount="2" falsecount="0"/>
        <line num="43" count="26" type="cond" truecount="4" falsecount="0"/>
        <line num="47" count="26" type="stmt"/>
        <line num="49" count="26" type="cond" truecount="2" falsecount="0"/>
        <line num="50" count="26" type="stmt"/>
        <line num="53" count="26" type="stmt"/>
        <line num="54" count="26" type="stmt"/>
        <line num="55" count="26" type="stmt"/>
        <line num="59" count="26" type="stmt"/>
        <line num="60" count="26" type="stmt"/>
        <line num="62" count="22625" type="cond" truecount="2" falsecount="0"/>
        <line num="63" count="26" type="stmt"/>
        <line num="64" count="26" type="stmt"/>
        <line num="67" count="26" type="stmt"/>
        <line num="68" count="26" type="cond" truecount="2" falsecount="0"/>
        <line num="71" count="26" type="stmt"/>
        <line num="72" count="26" type="stmt"/>
        <line num="73" count="26" type="stmt"/>
        <line num="74" count="26" type="stmt"/>
        <line num="75" count="5" type="stmt"/>
        <line num="76" count="5" type="cond" truecount="4" falsecount="0"/>
        <line num="77" count="2" type="stmt"/>
        <line num="82" count="26" type="stmt"/>
        <line num="83" count="26" type="stmt"/>
        <line num="84" count="26" type="stmt"/>
        <line num="86" count="26" type="stmt"/>
        <line num="87" count="5" type="stmt"/>
        <line num="88" count="5" type="cond" truecount="4" falsecount="1"/>
        <line num="89" count="5" type="cond" truecount="2" falsecount="0"/>
        <line num="90" count="2" type="stmt"/>
        <line num="91" count="3" type="cond" truecount="3" falsecount="1"/>
        <line num="92" count="3" type="stmt"/>
        <line num="98" count="26" type="stmt"/>
        <line num="99" count="26" type="stmt"/>
        <line num="100" count="26" type="stmt"/>
        <line num="101" count="26" type="cond" truecount="2" falsecount="0"/>
        <line num="102" count="26" type="stmt"/>
        <line num="103" count="26" type="stmt"/>
        <line num="104" count="26" type="stmt"/>
        <line num="106" count="26" type="cond" truecount="3" falsecount="0"/>
        <line num="107" count="26" type="stmt"/>
        <line num="118" count="26" type="stmt"/>
        <line num="119" count="26" type="stmt"/>
        <line num="120" count="26" type="stmt"/>
        <line num="121" count="26" type="stmt"/>
        <line num="122" count="26" type="cond" truecount="1" falsecount="1"/>
        <line num="124" count="26" type="cond" truecount="4" falsecount="0"/>
        <line num="125" count="26" type="stmt"/>
        <line num="134" count="26" type="stmt"/>
        <line num="135" count="26" type="cond" truecount="2" falsecount="0"/>
        <line num="136" count="26" type="cond" truecount="2" falsecount="0"/>
        <line num="137" count="26" type="cond" truecount="2" falsecount="0"/>
        <line num="138" count="26" type="cond" truecount="2" falsecount="0"/>
        <line num="139" count="26" type="cond" truecount="2" falsecount="0"/>
        <line num="140" count="26" type="cond" truecount="2" falsecount="0"/>
        <line num="141" count="26" type="cond" truecount="2" falsecount="0"/>
        <line num="142" count="26" type="cond" truecount="2" falsecount="0"/>
        <line num="143" count="26" type="cond" truecount="2" falsecount="0"/>
        <line num="144" count="26" type="cond" truecount="2" falsecount="0"/>
        <line num="145" count="26" type="cond" truecount="2" falsecount="0"/>
        <line num="147" count="26" type="stmt"/>
        <line num="150" count="26" type="stmt"/>
        <line num="151" count="26" type="cond" truecount="2" falsecount="0"/>
        <line num="152" count="24" type="stmt"/>
        <line num="153" count="2" type="cond" truecount="1" falsecount="1"/>
        <line num="154" count="0" type="stmt"/>
        <line num="158" count="26" type="stmt"/>
        <line num="176" count="26" type="stmt"/>
        <line num="216" count="26" type="stmt"/>
        <line num="217" count="26" type="stmt"/>
        <line num="220" count="26" type="cond" truecount="2" falsecount="0"/>
        <line num="221" count="15" type="stmt"/>
        <line num="222" count="15" type="stmt"/>
        <line num="223" count="11" type="cond" truecount="2" falsecount="0"/>
        <line num="224" count="1" type="stmt"/>
        <line num="225" count="1" type="stmt"/>
        <line num="226" count="10" type="cond" truecount="1" falsecount="1"/>
        <line num="227" count="0" type="stmt"/>
        <line num="228" count="0" type="stmt"/>
        <line num="232" count="26" type="cond" truecount="2" falsecount="0"/>
        <line num="233" count="18" type="stmt"/>
        <line num="234" count="18" type="stmt"/>
        <line num="235" count="8" type="cond" truecount="2" falsecount="0"/>
        <line num="236" count="3" type="stmt"/>
        <line num="237" count="5" type="cond" truecount="1" falsecount="1"/>
        <line num="238" count="0" type="stmt"/>
        <line num="242" count="26" type="cond" truecount="2" falsecount="0"/>
        <line num="243" count="11" type="stmt"/>
        <line num="244" count="11" type="stmt"/>
        <line num="248" count="26" type="cond" truecount="2" falsecount="0"/>
        <line num="249" count="18" type="stmt"/>
        <line num="250" count="18" type="stmt"/>
        <line num="254" count="26" type="cond" truecount="2" falsecount="0"/>
        <line num="255" count="14" type="stmt"/>
        <line num="256" count="14" type="stmt"/>
        <line num="257" count="12" type="cond" truecount="2" falsecount="0"/>
        <line num="258" count="1" type="stmt"/>
        <line num="259" count="1" type="stmt"/>
        <line num="263" count="26" type="cond" truecount="2" falsecount="0"/>
        <line num="264" count="22" type="stmt"/>
        <line num="265" count="22" type="stmt"/>
        <line num="269" count="26" type="cond" truecount="2" falsecount="0"/>
        <line num="270" count="21" type="stmt"/>
        <line num="271" count="21" type="stmt"/>
        <line num="275" count="26" type="cond" truecount="2" falsecount="0"/>
        <line num="276" count="1" type="stmt"/>
        <line num="277" count="1" type="stmt"/>
        <line num="281" count="26" type="cond" truecount="2" falsecount="0"/>
        <line num="282" count="22" type="stmt"/>
        <line num="283" count="22" type="stmt"/>
        <line num="286" count="26" type="cond" truecount="2" falsecount="0"/>
        <line num="287" count="23" type="stmt"/>
        <line num="288" count="23" type="stmt"/>
        <line num="292" count="26" type="cond" truecount="2" falsecount="0"/>
        <line num="293" count="14" type="stmt"/>
        <line num="294" count="14" type="stmt"/>
        <line num="297" count="26" type="cond" truecount="2" falsecount="0"/>
        <line num="298" count="15" type="stmt"/>
        <line num="299" count="15" type="stmt"/>
        <line num="303" count="26" type="cond" truecount="2" falsecount="0"/>
        <line num="304" count="2" type="stmt"/>
        <line num="305" count="2" type="stmt"/>
        <line num="308" count="26" type="stmt"/>
      </file>
    </package>
    <package name="backend.utils">
      <metrics statements="28" coveredstatements="25" conditionals="25" coveredconditionals="23" methods="3" coveredmethods="3"/>
      <file name="urlHelper.js" path="C:\Users\Anwesha Gartia\OneDrive\Desktop\Base\DH Full Stack\Task A\backend\utils\urlHelper.js">
        <metrics statements="28" coveredstatements="25" conditionals="25" coveredconditionals="23" methods="3" coveredmethods="3"/>
        <line num="6" count="5" type="stmt"/>
        <line num="7" count="12" type="cond" truecount="4" falsecount="0"/>
        <line num="8" count="3" type="stmt"/>
        <line num="11" count="9" type="stmt"/>
        <line num="14" count="9" type="cond" truecount="2" falsecount="0"/>
        <line num="15" count="2" type="stmt"/>
        <line num="18" count="9" type="stmt"/>
        <line num="19" count="9" type="stmt"/>
        <line num="22" count="9" type="cond" truecount="2" falsecount="0"/>
        <line num="23" count="2" type="stmt"/>
        <line num="27" count="7" type="cond" truecount="5" falsecount="0"/>
        <line num="29" count="1" type="cond" truecount="3" falsecount="1"/>
        <line num="30" count="1" type="stmt"/>
        <line num="34" count="6" type="stmt"/>
        <line num="36" count="3" type="cond" truecount="3" falsecount="1"/>
        <line num="37" count="3" type="stmt"/>
        <line num="39" count="0" type="stmt"/>
        <line num="46" count="5" type="stmt"/>
        <line num="47" count="39" type="cond" truecount="2" falsecount="0"/>
        <line num="48" count="37" type="stmt"/>
        <line num="49" count="37" type="stmt"/>
        <line num="51" count="0" type="stmt"/>
        <line num="58" count="5" type="stmt"/>
        <line num="59" count="12" type="stmt"/>
        <line num="60" count="12" type="stmt"/>
        <line num="61" count="12" type="stmt"/>
        <line num="62" count="12" type="cond" truecount="2" falsecount="0"/>
        <line num="64" count="0" type="stmt"/>
      </file>
    </package>
    <package name="tests.fixtures">
      <metrics statements="7" coveredstatements="7" conditionals="0" coveredconditionals="0" methods="0" coveredmethods="0"/>
      <file name="htmlFixtures.js" path="C:\Users\Anwesha Gartia\OneDrive\Desktop\Base\DH Full Stack\Task A\tests\fixtures\htmlFixtures.js">
        <metrics statements="7" coveredstatements="7" conditionals="0" coveredconditionals="0" methods="0" coveredmethods="0"/>
        <line num="6" count="2" type="stmt"/>
        <line num="35" count="2" type="stmt"/>
        <line num="54" count="2" type="stmt"/>
        <line num="70" count="2" type="stmt"/>
        <line num="85" count="2" type="stmt"/>
        <line num="95" count="2" type="stmt"/>
        <line num="100" count="2" type="stmt"/>
      </file>
    </package>
  </project>
</coverage>
