TN:
SF:backend\config\constants.js
FNF:0
FNH:0
DA:2,4
DA:4,4
DA:5,4
DA:7,4
DA:21,4
LF:5
LH:5
BRF:0
BRH:0
end_of_record
TN:
SF:backend\controllers\analyzerController.js
FN:4,(anonymous_0)
FNF:1
FNH:1
FNDA:2,(anonymous_0)
DA:4,1
DA:5,2
DA:6,2
DA:9,2
DA:12,1
DA:15,1
DA:22,1
LF:7
LH:7
BRF:0
BRH:0
end_of_record
TN:
SF:backend\middleware\errorHandler.js
FN:1,(anonymous_0)
FNF:1
FNH:1
FNDA:1,(anonymous_0)
DA:1,1
DA:2,1
DA:4,1
DA:5,1
DA:7,1
LF:5
LH:5
BRDA:2,0,0,1
BRDA:2,0,1,0
BRDA:4,1,0,1
BRDA:4,1,1,0
BRDA:4,1,2,0
BRDA:5,2,0,1
BRDA:5,2,1,0
BRDA:5,3,0,1
BRDA:5,3,1,1
BRDA:9,4,0,1
BRDA:9,4,1,0
BRDA:10,5,0,1
BRDA:10,5,1,0
BRDA:11,6,0,1
BRDA:11,6,1,0
BRDA:12,7,0,0
BRDA:12,7,1,1
BRF:17
BRH:9
end_of_record
TN:
SF:backend\middleware\validateUrl.js
FN:3,(anonymous_0)
FNF:1
FNH:1
FNDA:4,(anonymous_0)
DA:3,1
DA:4,4
DA:5,4
DA:7,4
DA:8,1
DA:15,3
DA:16,2
DA:17,2
DA:19,1
LF:9
LH:9
BRDA:5,0,0,4
BRDA:5,0,1,0
BRDA:7,1,0,1
BRDA:7,1,1,3
BRDA:7,2,0,4
BRDA:7,2,1,3
BRDA:7,2,2,3
BRDA:21,3,0,1
BRDA:21,3,1,0
BRF:9
BRH:7
end_of_record
TN:
SF:backend\routes\analyzerRoutes.js
FNF:0
FNH:0
DA:5,1
DA:8,1
LF:2
LH:2
BRF:0
BRH:0
end_of_record
TN:
SF:backend\services\scraperService.js
FN:7,(anonymous_0)
FN:21,(anonymous_1)
FN:101,checkResourceExists
FN:106,(anonymous_3)
FN:116,(anonymous_4)
FNF:5
FNH:5
FNDA:2,(anonymous_0)
FNDA:1,(anonymous_1)
FNDA:2,checkResourceExists
FNDA:2,(anonymous_3)
FNDA:2,(anonymous_4)
DA:7,1
DA:8,2
DA:10,2
DA:12,2
DA:21,1
DA:24,1
DA:26,1
DA:29,1
DA:30,0
DA:31,0
DA:32,0
DA:33,0
DA:36,1
DA:37,1
DA:40,1
DA:41,1
DA:43,1
DA:48,1
DA:59,1
DA:60,1
DA:62,1
DA:63,0
DA:64,0
DA:65,0
DA:66,0
DA:67,0
DA:70,1
DA:71,1
DA:72,1
DA:73,1
DA:74,1
DA:75,1
DA:78,0
DA:79,0
DA:80,0
DA:81,0
DA:82,0
DA:85,0
DA:86,0
DA:90,0
DA:91,0
DA:92,0
DA:93,0
DA:94,0
DA:102,2
DA:103,2
DA:106,2
DA:108,0
DA:111,2
DA:112,2
DA:116,2
DA:118,0
DA:120,2
LF:53
LH:30
BRDA:26,0,0,1
BRDA:26,0,1,0
BRDA:29,1,0,0
BRDA:29,1,1,1
BRDA:29,2,0,1
BRDA:29,2,1,0
BRDA:36,3,0,1
BRDA:36,3,1,0
BRDA:37,4,0,1
BRDA:37,4,1,0
BRDA:51,5,0,1
BRDA:51,5,1,0
BRDA:51,6,0,0
BRDA:51,6,1,0
BRDA:62,7,0,0
BRDA:62,7,1,1
BRDA:62,8,0,1
BRDA:62,8,1,1
BRDA:70,9,0,1
BRDA:70,9,1,0
BRDA:70,10,0,1
BRDA:70,10,1,0
BRDA:78,11,0,0
BRDA:78,11,1,0
BRDA:85,12,0,0
BRDA:85,12,1,0
BRDA:90,13,0,0
BRDA:90,13,1,0
BRDA:91,14,0,0
BRDA:91,14,1,0
BRDA:106,15,0,2
BRDA:106,15,1,2
BRDA:108,16,0,0
BRDA:108,16,1,0
BRDA:116,17,0,2
BRDA:116,17,1,2
BRDA:118,18,0,0
BRDA:118,18,1,0
BRF:38
BRH:15
end_of_record
TN:
SF:backend\services\seoAnalyzerService.js
FN:8,(anonymous_0)
FN:62,(anonymous_1)
FN:74,(anonymous_2)
FN:86,(anonymous_3)
FN:215,generateAuditFeedback
FNF:5
FNH:5
FNDA:26,(anonymous_0)
FNDA:22625,(anonymous_1)
FNDA:5,(anonymous_2)
FNDA:5,(anonymous_3)
FNDA:26,generateAuditFeedback
DA:8,3
DA:17,26
DA:19,26
DA:22,26
DA:23,26
DA:25,26
DA:30,26
DA:32,26
DA:36,26
DA:38,26
DA:39,26
DA:43,26
DA:47,26
DA:49,26
DA:50,26
DA:53,26
DA:54,26
DA:55,26
DA:59,26
DA:60,26
DA:62,22625
DA:63,26
DA:64,26
DA:67,26
DA:68,26
DA:71,26
DA:72,26
DA:73,26
DA:74,26
DA:75,5
DA:76,5
DA:77,2
DA:82,26
DA:83,26
DA:84,26
DA:86,26
DA:87,5
DA:88,5
DA:89,5
DA:90,2
DA:91,3
DA:92,3
DA:98,26
DA:99,26
DA:100,26
DA:101,26
DA:102,26
DA:103,26
DA:104,26
DA:106,26
DA:107,26
DA:118,26
DA:119,26
DA:120,26
DA:121,26
DA:122,26
DA:124,26
DA:125,26
DA:134,26
DA:135,26
DA:136,26
DA:137,26
DA:138,26
DA:139,26
DA:140,26
DA:141,26
DA:142,26
DA:143,26
DA:144,26
DA:145,26
DA:147,26
DA:150,26
DA:151,26
DA:152,24
DA:153,2
DA:154,0
DA:158,26
DA:176,26
DA:216,26
DA:217,26
DA:220,26
DA:221,15
DA:222,15
DA:223,11
DA:224,1
DA:225,1
DA:226,10
DA:227,0
DA:228,0
DA:232,26
DA:233,18
DA:234,18
DA:235,8
DA:236,3
DA:237,5
DA:238,0
DA:242,26
DA:243,11
DA:244,11
DA:248,26
DA:249,18
DA:250,18
DA:254,26
DA:255,14
DA:256,14
DA:257,12
DA:258,1
DA:259,1
DA:263,26
DA:264,22
DA:265,22
DA:269,26
DA:270,21
DA:271,21
DA:275,26
DA:276,1
DA:277,1
DA:281,26
DA:282,22
DA:283,22
DA:286,26
DA:287,23
DA:288,23
DA:292,26
DA:293,14
DA:294,14
DA:297,26
DA:298,15
DA:299,15
DA:303,26
DA:304,2
DA:305,2
DA:308,26
LF:133
LH:129
BRDA:23,0,0,26
BRDA:23,0,1,19
BRDA:23,0,2,19
BRDA:25,1,0,26
BRDA:25,1,1,23
BRDA:25,1,2,23
BRDA:30,2,0,26
BRDA:30,2,1,15
BRDA:32,3,0,26
BRDA:32,3,1,18
BRDA:32,3,2,18
BRDA:36,4,0,26
BRDA:36,4,1,26
BRDA:38,5,0,26
BRDA:38,5,1,22
BRDA:39,6,0,4
BRDA:39,6,1,22
BRDA:43,7,0,26
BRDA:43,7,1,23
BRDA:43,7,2,23
BRDA:43,7,3,23
BRDA:49,8,0,26
BRDA:49,8,1,26
BRDA:62,9,0,15
BRDA:62,9,1,11
BRDA:68,10,0,11
BRDA:68,10,1,15
BRDA:76,11,0,2
BRDA:76,11,1,3
BRDA:76,12,0,5
BRDA:76,12,1,3
BRDA:88,13,0,5
BRDA:88,13,1,0
BRDA:88,14,0,5
BRDA:88,14,1,5
BRDA:88,14,2,5
BRDA:89,15,0,2
BRDA:89,15,1,3
BRDA:91,16,0,3
BRDA:91,16,1,0
BRDA:91,17,0,3
BRDA:91,17,1,3
BRDA:101,18,0,2
BRDA:101,18,1,24
BRDA:106,19,0,26
BRDA:106,19,1,22
BRDA:106,19,2,22
BRDA:109,20,0,26
BRDA:109,20,1,22
BRDA:110,21,0,26
BRDA:110,21,1,24
BRDA:111,22,0,26
BRDA:111,22,1,24
BRDA:112,23,0,26
BRDA:112,23,1,26
BRDA:113,24,0,26
BRDA:113,24,1,26
BRDA:114,25,0,26
BRDA:114,25,1,26
BRDA:122,26,0,0
BRDA:122,26,1,26
BRDA:124,27,0,26
BRDA:124,27,1,23
BRDA:124,27,2,23
BRDA:124,27,3,23
BRDA:127,28,0,26
BRDA:127,28,1,23
BRDA:128,29,0,26
BRDA:128,29,1,24
BRDA:129,30,0,26
BRDA:129,30,1,26
BRDA:130,31,0,26
BRDA:130,31,1,26
BRDA:135,32,0,11
BRDA:135,32,1,15
BRDA:136,33,0,8
BRDA:136,33,1,18
BRDA:137,34,0,15
BRDA:137,34,1,11
BRDA:138,35,0,8
BRDA:138,35,1,18
BRDA:139,36,0,12
BRDA:139,36,1,14
BRDA:140,37,0,4
BRDA:140,37,1,22
BRDA:141,38,0,5
BRDA:141,38,1,21
BRDA:142,39,0,4
BRDA:142,39,1,22
BRDA:143,40,0,3
BRDA:143,40,1,23
BRDA:144,41,0,12
BRDA:144,41,1,14
BRDA:145,42,0,11
BRDA:145,42,1,15
BRDA:151,43,0,24
BRDA:151,43,1,2
BRDA:153,44,0,0
BRDA:153,44,1,2
BRDA:220,45,0,15
BRDA:220,45,1,11
BRDA:223,46,0,1
BRDA:223,46,1,10
BRDA:226,47,0,0
BRDA:226,47,1,10
BRDA:232,48,0,18
BRDA:232,48,1,8
BRDA:235,49,0,3
BRDA:235,49,1,5
BRDA:237,50,0,0
BRDA:237,50,1,5
BRDA:242,51,0,11
BRDA:242,51,1,15
BRDA:248,52,0,18
BRDA:248,52,1,8
BRDA:254,53,0,14
BRDA:254,53,1,12
BRDA:257,54,0,1
BRDA:257,54,1,11
BRDA:263,55,0,22
BRDA:263,55,1,4
BRDA:269,56,0,21
BRDA:269,56,1,5
BRDA:275,57,0,1
BRDA:275,57,1,25
BRDA:281,58,0,22
BRDA:281,58,1,4
BRDA:286,59,0,23
BRDA:286,59,1,3
BRDA:292,60,0,14
BRDA:292,60,1,12
BRDA:297,61,0,15
BRDA:297,61,1,11
BRDA:303,62,0,2
BRDA:303,62,1,24
BRF:135
BRH:129
end_of_record
TN:
SF:backend\utils\urlHelper.js
FN:6,(anonymous_0)
FN:46,(anonymous_1)
FN:58,(anonymous_2)
FNF:3
FNH:3
FNDA:12,(anonymous_0)
FNDA:39,(anonymous_1)
FNDA:12,(anonymous_2)
DA:6,5
DA:7,12
DA:8,3
DA:11,9
DA:14,9
DA:15,2
DA:18,9
DA:19,9
DA:22,9
DA:23,2
DA:27,7
DA:29,1
DA:30,1
DA:34,6
DA:36,3
DA:37,3
DA:39,0
DA:46,5
DA:47,39
DA:48,37
DA:49,37
DA:51,0
DA:58,5
DA:59,12
DA:60,12
DA:61,12
DA:62,12
DA:64,0
LF:28
LH:25
BRDA:7,0,0,3
BRDA:7,0,1,9
BRDA:7,1,0,12
BRDA:7,1,1,10
BRDA:14,2,0,2
BRDA:14,2,1,7
BRDA:22,3,0,2
BRDA:22,3,1,7
BRDA:27,4,0,1
BRDA:27,4,1,6
BRDA:27,5,0,7
BRDA:27,5,1,7
BRDA:27,5,2,7
BRDA:29,6,0,1
BRDA:29,6,1,0
BRDA:29,7,0,1
BRDA:29,7,1,1
BRDA:36,8,0,3
BRDA:36,8,1,0
BRDA:36,9,0,3
BRDA:36,9,1,1
BRDA:47,10,0,2
BRDA:47,10,1,37
BRDA:62,11,0,12
BRDA:62,11,1,8
BRF:25
BRH:23
end_of_record
TN:
SF:tests\fixtures\htmlFixtures.js
FNF:0
FNH:0
DA:6,2
DA:35,2
DA:54,2
DA:70,2
DA:85,2
DA:95,2
DA:100,2
LF:7
LH:7
BRF:0
BRH:0
end_of_record
